0 info it worked if it ends with ok
1 verbose cli [ 'C:\\Program Files (x86)\\nodejs\\node.exe',
1 verbose cli   'C:\\Users\\Antoine Chan\\AppData\\Roaming\\npm\\node_modules\\npm\\bin\\npm-cli.js',
1 verbose cli   'install',
1 verbose cli   '-g',
1 verbose cli   'n',
1 verbose cli   'latest' ]
2 info using npm@3.9.5
3 info using node@v6.10.0
4 silly loadCurrentTree Starting
5 silly install loadCurrentTree
6 silly install readGlobalPackageData
7 silly fetchPackageMetaData n
8 silly fetchPackageMetaData latest
9 silly fetchNamedPackageData n
10 silly mapToRegistry name n
11 silly mapToRegistry using default registry
12 silly mapToRegistry registry https://registry.npmjs.org/
13 silly mapToRegistry data Result {
13 silly mapToRegistry   raw: 'n',
13 silly mapToRegistry   scope: null,
13 silly mapToRegistry   name: 'n',
13 silly mapToRegistry   rawSpec: '',
13 silly mapToRegistry   spec: 'latest',
13 silly mapToRegistry   type: 'tag' }
14 silly mapToRegistry uri https://registry.npmjs.org/n
15 silly fetchNamedPackageData latest
16 silly mapToRegistry name latest
17 silly mapToRegistry using default registry
18 silly mapToRegistry registry https://registry.npmjs.org/
19 silly mapToRegistry data Result {
19 silly mapToRegistry   raw: 'latest',
19 silly mapToRegistry   scope: null,
19 silly mapToRegistry   name: 'latest',
19 silly mapToRegistry   rawSpec: '',
19 silly mapToRegistry   spec: 'latest',
19 silly mapToRegistry   type: 'tag' }
20 silly mapToRegistry uri https://registry.npmjs.org/latest
21 verbose request uri https://registry.npmjs.org/latest
22 verbose request no auth needed
23 info attempt registry request try #1 at 13:19:53
24 verbose request id 47c12acdac6ef912
25 http request GET https://registry.npmjs.org/latest
26 verbose request uri https://registry.npmjs.org/n
27 verbose request no auth needed
28 info attempt registry request try #1 at 13:19:53
29 verbose etag W/"58af8851-faae"
30 verbose lastModified Fri, 24 Feb 2017 01:11:45 GMT
31 http request GET https://registry.npmjs.org/n
32 http 200 https://registry.npmjs.org/latest
33 verbose headers { server: 'nginx/1.10.1',
33 verbose headers   'content-type': 'application/json',
33 verbose headers   'last-modified': 'Thu, 19 Feb 2015 23:48:53 GMT',
33 verbose headers   etag: 'W/"54e67665-1ef0"',
33 verbose headers   'content-encoding': 'gzip',
33 verbose headers   'cache-control': 'max-age=300',
33 verbose headers   'content-length': '1739',
33 verbose headers   'accept-ranges': 'bytes',
33 verbose headers   date: 'Fri, 03 Mar 2017 12:19:54 GMT',
33 verbose headers   via: '1.1 varnish',
33 verbose headers   age: '0',
33 verbose headers   connection: 'keep-alive',
33 verbose headers   'x-served-by': 'cache-sea1031-SEA',
33 verbose headers   'x-cache': 'MISS',
33 verbose headers   'x-cache-hits': '0',
33 verbose headers   'x-timer': 'S1488543594.518416,VS0,VE8',
33 verbose headers   vary: 'Accept-Encoding' }
34 silly get cb [ 200,
34 silly get   { server: 'nginx/1.10.1',
34 silly get     'content-type': 'application/json',
34 silly get     'last-modified': 'Thu, 19 Feb 2015 23:48:53 GMT',
34 silly get     etag: 'W/"54e67665-1ef0"',
34 silly get     'content-encoding': 'gzip',
34 silly get     'cache-control': 'max-age=300',
34 silly get     'content-length': '1739',
34 silly get     'accept-ranges': 'bytes',
34 silly get     date: 'Fri, 03 Mar 2017 12:19:54 GMT',
34 silly get     via: '1.1 varnish',
34 silly get     age: '0',
34 silly get     connection: 'keep-alive',
34 silly get     'x-served-by': 'cache-sea1031-SEA',
34 silly get     'x-cache': 'MISS',
34 silly get     'x-cache-hits': '0',
34 silly get     'x-timer': 'S1488543594.518416,VS0,VE8',
34 silly get     vary: 'Accept-Encoding' } ]
35 verbose get saving latest to C:\Users\Antoine Chan\AppData\Roaming\npm-cache\registry.npmjs.org\latest\.cache.json
36 verbose correctMkdir C:\Users\Antoine Chan\AppData\Roaming\npm-cache correctMkdir not in flight; initializing
37 http 304 https://registry.npmjs.org/n
38 verbose headers { date: 'Fri, 03 Mar 2017 12:19:54 GMT',
38 verbose headers   via: '1.1 varnish',
38 verbose headers   'cache-control': 'max-age=300',
38 verbose headers   etag: 'W/"58af8851-faae"',
38 verbose headers   age: '0',
38 verbose headers   connection: 'keep-alive',
38 verbose headers   'x-served-by': 'cache-sea1042-SEA',
38 verbose headers   'x-cache': 'HIT',
38 verbose headers   'x-cache-hits': '1',
38 verbose headers   'x-timer': 'S1488543594.514319,VS0,VE66',
38 verbose headers   vary: 'Accept-Encoding' }
39 silly get cb [ 304,
39 silly get   { date: 'Fri, 03 Mar 2017 12:19:54 GMT',
39 silly get     via: '1.1 varnish',
39 silly get     'cache-control': 'max-age=300',
39 silly get     etag: 'W/"58af8851-faae"',
39 silly get     age: '0',
39 silly get     connection: 'keep-alive',
39 silly get     'x-served-by': 'cache-sea1042-SEA',
39 silly get     'x-cache': 'HIT',
39 silly get     'x-cache-hits': '1',
39 silly get     'x-timer': 'S1488543594.514319,VS0,VE66',
39 silly get     vary: 'Accept-Encoding' } ]
40 verbose etag https://registry.npmjs.org/n from cache
41 verbose get saving n to C:\Users\Antoine Chan\AppData\Roaming\npm-cache\registry.npmjs.org\n\.cache.json
42 verbose correctMkdir C:\Users\Antoine Chan\AppData\Roaming\npm-cache correctMkdir not in flight; initializing
43 silly install normalizeTree
44 silly loadCurrentTree Finishing
45 silly loadIdealTree Starting
46 silly install loadIdealTree
47 silly cloneCurrentTree Starting
48 silly install cloneCurrentTreeToIdealTree
49 silly cloneCurrentTree Finishing
50 silly loadShrinkwrap Starting
51 silly install loadShrinkwrap
52 silly loadShrinkwrap Finishing
53 silly loadAllDepsIntoIdealTree Starting
54 silly install loadAllDepsIntoIdealTree
55 silly rollbackFailedOptional Starting
56 silly rollbackFailedOptional Finishing
57 silly runTopLevelLifecycles Starting
58 silly runTopLevelLifecycles Finishing
59 silly install printInstalled
60 verbose stack Error: Unsupported platform for n@2.1.4: wanted {"name":"n","description":"Interactively Manage All Your Node Versions","version":"2.1.4","author":{"name":"TJ Holowaychuk","email":"tj@vision-media.ca"},"homepage":"https://github.com/tj/n","bugs":{"url":"https://github.com/tj/n/issues"},"contributors":[{"name":"Travis Webb","email":"me@traviswebb.com","url":"tjw.io"},{"name":"Nimit Kalra","email":"me@nimit.io","url":"http://nimit.io"},{"name":"Troy Connor","email":"troy0820@gmail.com","url":"https://github.com/troy0820"}],"keywords":["nvm","node","version","manager","switcher","node","binary","env"],"bin":{"n":"./bin/n"},"repository":{"type":"git","url":"git://github.com/tj/n.git"},"preferGlobal":true,"os":["!win32"],"engines":{"node":"*"},"license":"MIT","gitHead":"ff9ba303d972069903c0f951ece43f47adce24e8","_id":"n@2.1.4","scripts":{},"_shasum":"7546bc467a120cc96718f2716cd86c43290f94c5","_from":"n","_npmVersion":"3.10.3","_nodeVersion":"6.3.1","_npmUser":{"name":"qw3rtman","email":"me@nimit.io"},"dist":{"shasum":"7546bc467a120cc96718f2716cd86c43290f94c5","tarball":"https://registry.npmjs.org/n/-/n-2.1.4.tgz"},"maintainers":[{"name":"bat","email":"ben@benatkin.com"},{"name":"qw3rtman","email":"nimit@nimitkalra.com"},{"name":"tedgaydos","email":"tedgaydos@gmail.com"},{"name":"tjholowaychuk","email":"tj@vision-media.ca"},{"name":"tjwebb","email":"me@traviswebb.com"},{"name":"troy0820","email":"troy.connor@yahoo.com"}],"_npmOperationalInternal":{"host":"packages-16-east.internal.npmjs.com","tmp":"tmp/n-2.1.4.tgz_1470600124670_0.21058935346081853"},"directories":{},"_resolved":"https://registry.npmjs.org/n/-/n-2.1.4.tgz","_requested":{"raw":"n","scope":null,"name":"n","rawSpec":"","spec":"latest","type":"tag"},"_spec":"n","_where":"","_args":[[{"raw":"n","scope":null,"name":"n","rawSpec":"","spec":"latest","type":"tag"},""]],"readme":"ERROR: No README data found!"} (current: {"os":"win32","cpu":"x64"})
60 verbose stack     at checkPlatform (C:\Users\Antoine Chan\AppData\Roaming\npm\node_modules\npm\node_modules\npm-install-checks\index.js:45:14)
60 verbose stack     at thenWarnEngineIssues (C:\Users\Antoine Chan\AppData\Roaming\npm\node_modules\npm\lib\install\validate-args.js:41:5)
60 verbose stack     at C:\Users\Antoine Chan\AppData\Roaming\npm\node_modules\npm\node_modules\iferr\index.js:13:50
60 verbose stack     at checkEngine (C:\Users\Antoine Chan\AppData\Roaming\npm\node_modules\npm\node_modules\npm-install-checks\index.js:24:10)
60 verbose stack     at module.exports.isInstallable (C:\Users\Antoine Chan\AppData\Roaming\npm\node_modules\npm\lib\install\validate-args.js:38:3)
60 verbose stack     at Array.<anonymous> (C:\Users\Antoine Chan\AppData\Roaming\npm\node_modules\npm\node_modules\slide\lib\bind-actor.js:15:8)
60 verbose stack     at LOOP (C:\Users\Antoine Chan\AppData\Roaming\npm\node_modules\npm\node_modules\slide\lib\chain.js:15:14)
60 verbose stack     at C:\Users\Antoine Chan\AppData\Roaming\npm\node_modules\npm\node_modules\slide\lib\chain.js:18:7
60 verbose stack     at checkSelf (C:\Users\Antoine Chan\AppData\Roaming\npm\node_modules\npm\lib\install\validate-args.js:46:72)
60 verbose stack     at Array.<anonymous> (C:\Users\Antoine Chan\AppData\Roaming\npm\node_modules\npm\node_modules\slide\lib\bind-actor.js:15:8)
61 verbose pkgid n@2.1.4
62 verbose cwd C:\Users\Antoine Chan\Documents\GitHub\angularProject
63 error Windows_NT 10.0.14393
64 error argv "C:\\Program Files (x86)\\nodejs\\node.exe" "C:\\Users\\Antoine Chan\\AppData\\Roaming\\npm\\node_modules\\npm\\bin\\npm-cli.js" "install" "-g" "n" "latest"
65 error node v6.10.0
66 error npm  v3.9.5
67 error code EBADPLATFORM
68 error notsup Not compatible with your operating system or architecture: n@2.1.4
69 error notsup Valid OS:    !win32
69 error notsup Valid Arch:  any
69 error notsup Actual OS:   win32
69 error notsup Actual Arch: x64
70 verbose exit [ 1, true ]
